2022-03-23 21:40 +03:00: (node:13640) Warning: Accessing non-existent property 'count' of module exports inside circular dependency
(Use `node --trace-warnings ...` to show where the warning was created)
2022-03-23 21:40 +03:00: (node:8852) Warning: Accessing non-existent property 'count' of module exports inside circular dependency
(Use `node --trace-warnings ...` to show where the warning was created)
2022-03-23 21:40 +03:00: (node:8852) Warning: Accessing non-existent property 'findOne' of module exports inside circular dependency
2022-03-23 21:40 +03:00: (node:8852) Warning: Accessing non-existent property 'remove' of module exports inside circular dependency
2022-03-23 21:40 +03:00: (node:8852) Warning: Accessing non-existent property 'updateOne' of module exports inside circular dependency
2022-03-23 21:40 +03:00: (node:13640) Warning: Accessing non-existent property 'findOne' of module exports inside circular dependency
2022-03-23 21:40 +03:00: (node:13640) Warning: Accessing non-existent property 'remove' of module exports inside circular dependency
2022-03-23 21:40 +03:00: (node:13640) Warning: Accessing non-existent property 'updateOne' of module exports inside circular dependency
2022-03-23 21:40 +03:00: (node:4292) Warning: Accessing non-existent property 'count' of module exports inside circular dependency
(Use `node --trace-warnings ...` to show where the warning was created)
2022-03-23 21:40 +03:00: (node:4292) Warning: Accessing non-existent property 'findOne' of module exports inside circular dependency
2022-03-23 21:40 +03:00: (node:4292) Warning: Accessing non-existent property 'remove' of module exports inside circular dependency
2022-03-23 21:40 +03:00: (node:4292) Warning: Accessing non-existent property 'updateOne' of module exports inside circular dependency
2022-03-23 21:40 +03:00: Connected to Database
2022-03-23 21:40 +03:00: listening on 7500
2022-03-23 21:40 +03:00: Connected to Database
2022-03-23 21:40 +03:00: listening on 7500
2022-03-23 21:40 +03:00: Connected to Database
2022-03-23 21:40 +03:00: listening on 7500
